Sun Aug  2 23:01:59 PDT 2020
MPI startup(): PMI server not found. Please set I_MPI_PMI_LIBRARY variable if it is not a singleton case.
MPI startup(): PMI server not found. Please set I_MPI_PMI_LIBRARY variable if it is not a singleton case.
MPI startup(): PMI server not found. Please set I_MPI_PMI_LIBRARY variable if it is not a singleton case.
MPI startup(): PMI server not found. Please set I_MPI_PMI_LIBRARY variable if it is not a singleton case.
MPI startup(): PMI server not found. Please set I_MPI_PMI_LIBRARY variable if it is not a singleton case.
MPI startup(): PMI server not found. Please set I_MPI_PMI_LIBRARY variable if it is not a singleton case.
MPI startup(): PMI server not found. Please set I_MPI_PMI_LIBRARY variable if it is not a singleton case.
MPI startup(): PMI server not found. Please set I_MPI_PMI_LIBRARY variable if it is not a singleton case.
MPI startup(): PMI server not found. Please set I_MPI_PMI_LIBRARY variable if it is not a singleton case.
MPI startup(): PMI server not found. Please set I_MPI_PMI_LIBRARY variable if it is not a singleton case.
MPI startup(): PMI server not found. Please set I_MPI_PMI_LIBRARY variable if it is not a singleton case.
MPI startup(): PMI server not found. Please set I_MPI_PMI_LIBRARY variable if it is not a singleton case.
MPI startup(): PMI server not found. Please set I_MPI_PMI_LIBRARY variable if it is not a singleton case.
MPI startup(): PMI server not found. Please set I_MPI_PMI_LIBRARY variable if it is not a singleton case.
MPI startup(): PMI server not found. Please set I_MPI_PMI_LIBRARY variable if it is not a singleton case.
MPI startup(): PMI server not found. Please set I_MPI_PMI_LIBRARY variable if it is not a singleton case.
MPI startup(): PMI server not found. Please set I_MPI_PMI_LIBRARY variable if it is not a singleton case.
MPI startup(): PMI server not found. Please set I_MPI_PMI_LIBRARY variable if it is not a singleton case.
MPI startup(): PMI server not found. Please set I_MPI_PMI_LIBRARY variable if it is not a singleton case.
MPI startup(): PMI server not found. Please set I_MPI_PMI_LIBRARY variable if it is not a singleton case.
MPI startup(): PMI server not found. Please set I_MPI_PMI_LIBRARY variable if it is not a singleton case.
MPI startup(): PMI server not found. Please set I_MPI_PMI_LIBRARY variable if it is not a singleton case.
MPI startup(): PMI server not found. Please set I_MPI_PMI_LIBRARY variable if it is not a singleton case.
MPI startup(): PMI server not found. Please set I_MPI_PMI_LIBRARY variable if it is not a singleton case.
MPI startup(): PMI server not found. Please set I_MPI_PMI_LIBRARY variable if it is not a singleton case.
MPI startup(): PMI server not found. Please set I_MPI_PMI_LIBRARY variable if it is not a singleton case.
MPI startup(): PMI server not found. Please set I_MPI_PMI_LIBRARY variable if it is not a singleton case.
MPI startup(): PMI server not found. Please set I_MPI_PMI_LIBRARY variable if it is not a singleton case.
MPI startup(): PMI server not found. Please set I_MPI_PMI_LIBRARY variable if it is not a singleton case.
MPI startup(): PMI server not found. Please set I_MPI_PMI_LIBRARY variable if it is not a singleton case.
MPI startup(): PMI server not found. Please set I_MPI_PMI_LIBRARY variable if it is not a singleton case.
MPI startup(): PMI server not found. Please set I_MPI_PMI_LIBRARY variable if it is not a singleton case.
MPI startup(): PMI server not found. Please set I_MPI_PMI_LIBRARY variable if it is not a singleton case.
MPI startup(): PMI server not found. Please set I_MPI_PMI_LIBRARY variable if it is not a singleton case.
MPI startup(): PMI server not found. Please set I_MPI_PMI_LIBRARY variable if it is not a singleton case.
MPI startup(): PMI server not found. Please set I_MPI_PMI_LIBRARY variable if it is not a singleton case.
MPI startup(): PMI server not found. Please set I_MPI_PMI_LIBRARY variable if it is not a singleton case.
MPI startup(): PMI server not found. Please set I_MPI_PMI_LIBRARY variable if it is not a singleton case.
MPI startup(): PMI server not found. Please set I_MPI_PMI_LIBRARY variable if it is not a singleton case.
MPI startup(): PMI server not found. Please set I_MPI_PMI_LIBRARY variable if it is not a singleton case.
MPI startup(): PMI server not found. Please set I_MPI_PMI_LIBRARY variable if it is not a singleton case.
MPI startup(): PMI server not found. Please set I_MPI_PMI_LIBRARY variable if it is not a singleton case.
MPI startup(): PMI server not found. Please set I_MPI_PMI_LIBRARY variable if it is not a singleton case.
MPI startup(): PMI server not found. Please set I_MPI_PMI_LIBRARY variable if it is not a singleton case.
MPI startup(): PMI server not found. Please set I_MPI_PMI_LIBRARY variable if it is not a singleton case.
MPI startup(): PMI server not found. Please set I_MPI_PMI_LIBRARY variable if it is not a singleton case.
MPI startup(): PMI server not found. Please set I_MPI_PMI_LIBRARY variable if it is not a singleton case.
MPI startup(): PMI server not found. Please set I_MPI_PMI_LIBRARY variable if it is not a singleton case.
Error in system call pthread_mutex_destroy: Device or resource busy
    ../../src/mpi/init/init_thread_cs.c:60
Abort(2664079) on node 0 (rank 0 in comm 0): Fatal error in PMPI_Init_thread: Other MPI error, error stack:
MPIR_Init_thread(136)........: 
MPID_Init(904)...............: 
MPIDI_OFI_mpi_init_hook(1421): 
MPIDU_bc_table_create(311)...: 
Error in system call pthread_mutex_destroy: Device or resource busy
    ../../src/mpi/init/init_thread_cs.c:60
Abort(2664079) on node 0 (rank 0 in comm 0): Fatal error in PMPI_Init_thread: Other MPI error, error stack:
MPIR_Init_thread(136)........: 
MPID_Init(904)...............: 
MPIDI_OFI_mpi_init_hook(1421): 
MPIDU_bc_table_create(311)...: 
Error in system call pthread_mutex_destroy: Device or resource busy
    ../../src/mpi/init/init_thread_cs.c:60
Abort(2664079) on node 0 (rank 0 in comm 0): Fatal error in PMPI_Init_thread: Other MPI error, error stack:
MPIR_Init_thread(136)........: 
MPID_Init(904)...............: 
MPIDI_OFI_mpi_init_hook(1421): 
MPIDU_bc_table_create(311)...: 
Error in system call pthread_mutex_destroy: Device or resource busy
    ../../src/mpi/init/init_thread_cs.c:60
Abort(2664079) on node 0 (rank 0 in comm 0): Fatal error in PMPI_Init_thread: Other MPI error, error stack:
MPIR_Init_thread(136)........: 
MPID_Init(904)...............: 
MPIDI_OFI_mpi_init_hook(1421): 
MPIDU_bc_table_create(311)...: 
Error in system call pthread_mutex_destroy: Device or resource busy
    ../../src/mpi/init/init_thread_cs.c:60
Abort(2664079) on node 0 (rank 0 in comm 0): Fatal error in PMPI_Init_thread: Other MPI error, error stack:
MPIR_Init_thread(136)........: 
MPID_Init(904)...............: 
MPIDI_OFI_mpi_init_hook(1421): 
MPIDU_bc_table_create(311)...: 
Error in system call pthread_mutex_destroy: Device or resource busy
    ../../src/mpi/init/init_thread_cs.c:60
Abort(2664079) on node 0 (rank 0 in comm 0): Fatal error in PMPI_Init_thread: Other MPI error, error stack:
MPIR_Init_thread(136)........: 
MPID_Init(904)...............: 
MPIDI_OFI_mpi_init_hook(1421): 
MPIDU_bc_table_create(311)...: 
Error in system call pthread_mutex_destroy: Device or resource busy
    ../../src/mpi/init/init_thread_cs.c:60
Abort(2664079) on node 0 (rank 0 in comm 0): Fatal error in PMPI_Init_thread: Other MPI error, error stack:
MPIR_Init_thread(136)........: 
MPID_Init(904)...............: 
MPIDI_OFI_mpi_init_hook(1421): 
MPIDU_bc_table_create(311)...: 
Error in system call pthread_mutex_destroy: Device or resource busy
    ../../src/mpi/init/init_thread_cs.c:60
Abort(2664079) on node 0 (rank 0 in comm 0): Fatal error in PMPI_Init_thread: Other MPI error, error stack:
MPIR_Init_thread(136)........: 
MPID_Init(904)...............: 
MPIDI_OFI_mpi_init_hook(1421): 
MPIDU_bc_table_create(311)...: 
Error in system call pthread_mutex_destroy: Device or resource busy
    ../../src/mpi/init/init_thread_cs.c:60
Abort(2664079) on node 0 (rank 0 in comm 0): Fatal error in PMPI_Init_thread: Other MPI error, error stack:
MPIR_Init_thread(136)........: 
MPID_Init(904)...............: 
MPIDI_OFI_mpi_init_hook(1421): 
MPIDU_bc_table_create(311)...: 
Error in system call pthread_mutex_destroy: Device or resource busy
    ../../src/mpi/init/init_thread_cs.c:60
Abort(2664079) on node 0 (rank 0 in comm 0): Fatal error in PMPI_Init_thread: Other MPI error, error stack:
MPIR_Init_thread(136)........: 
MPID_Init(904)...............: 
MPIDI_OFI_mpi_init_hook(1421): 
MPIDU_bc_table_create(311)...: 
Error in system call pthread_mutex_destroy: Device or resource busy
    ../../src/mpi/init/init_thread_cs.c:60
Abort(2664079) on node 0 (rank 0 in comm 0): Fatal error in PMPI_Init_thread: Other MPI error, error stack:
MPIR_Init_thread(136)........: 
MPID_Init(904)...............: 
MPIDI_OFI_mpi_init_hook(1421): 
MPIDU_bc_table_create(311)...: 
Error in system call pthread_mutex_destroy: Device or resource busy
    ../../src/mpi/init/init_thread_cs.c:60
Abort(2664079) on node 0 (rank 0 in comm 0): Fatal error in PMPI_Init_thread: Other MPI error, error stack:
MPIR_Init_thread(136)........: 
MPID_Init(904)...............: 
MPIDI_OFI_mpi_init_hook(1421): 
MPIDU_bc_table_create(311)...: 
Error in system call pthread_mutex_destroy: Device or resource busy
    ../../src/mpi/init/init_thread_cs.c:60
Abort(2664079) on node 0 (rank 0 in comm 0): Fatal error in PMPI_Init_thread: Other MPI error, error stack:
MPIR_Init_thread(136)........: 
MPID_Init(904)...............: 
MPIDI_OFI_mpi_init_hook(1421): 
MPIDU_bc_table_create(311)...: 
Error in system call pthread_mutex_destroy: Device or resource busy
    ../../src/mpi/init/init_thread_cs.c:60
Abort(2664079) on node 0 (rank 0 in comm 0): Fatal error in PMPI_Init_thread: Other MPI error, error stack:
MPIR_Init_thread(136)........: 
MPID_Init(904)...............: 
MPIDI_OFI_mpi_init_hook(1421): 
MPIDU_bc_table_create(311)...: 
Error in system call pthread_mutex_destroy: Device or resource busy
    ../../src/mpi/init/init_thread_cs.c:60
Abort(2664079) on node 0 (rank 0 in comm 0): Fatal error in PMPI_Init_thread: Other MPI error, error stack:
MPIR_Init_thread(136)........: 
MPID_Init(904)...............: 
MPIDI_OFI_mpi_init_hook(1421): 
MPIDU_bc_table_create(311)...: 
Error in system call pthread_mutex_destroy: Device or resource busy
    ../../src/mpi/init/init_thread_cs.c:60
Abort(2664079) on node 0 (rank 0 in comm 0): Fatal error in PMPI_Init_thread: Other MPI error, error stack:
MPIR_Init_thread(136)........: 
MPID_Init(904)...............: 
MPIDI_OFI_mpi_init_hook(1421): 
MPIDU_bc_table_create(311)...: 
Error in system call pthread_mutex_destroy: Device or resource busy
    ../../src/mpi/init/init_thread_cs.c:60
Abort(2664079) on node 0 (rank 0 in comm 0): Fatal error in PMPI_Init_thread: Other MPI error, error stack:
MPIR_Init_thread(136)........: 
MPID_Init(904)...............: 
MPIDI_OFI_mpi_init_hook(1421): 
MPIDU_bc_table_create(311)...: 
Error in system call pthread_mutex_destroy: Device or resource busy
    ../../src/mpi/init/init_thread_cs.c:60
Abort(2664079) on node 0 (rank 0 in comm 0): Fatal error in PMPI_Init_thread: Other MPI error, error stack:
MPIR_Init_thread(136)........: 
MPID_Init(904)...............: 
MPIDI_OFI_mpi_init_hook(1421): 
MPIDU_bc_table_create(311)...: 
Error in system call pthread_mutex_destroy: Device or resource busy
    ../../src/mpi/init/init_thread_cs.c:60
Abort(2664079) on node 0 (rank 0 in comm 0): Fatal error in PMPI_Init_thread: Other MPI error, error stack:
MPIR_Init_thread(136)........: 
MPID_Init(904)...............: 
MPIDI_OFI_mpi_init_hook(1421): 
MPIDU_bc_table_create(311)...: 
Error in system call pthread_mutex_destroy: Device or resource busy
    ../../src/mpi/init/init_thread_cs.c:60
Abort(2664079) on node 0 (rank 0 in comm 0): Fatal error in PMPI_Init_thread: Other MPI error, error stack:
MPIR_Init_thread(136)........: 
MPID_Init(904)...............: 
MPIDI_OFI_mpi_init_hook(1421): 
MPIDU_bc_table_create(311)...: 
srun: error: compute-10-12: tasks 0-15: Exited with exit code 143
Error in system call pthread_mutex_destroy: Device or resource busy
    ../../src/mpi/init/init_thread_cs.c:60
Abort(2664079) on node 0 (rank 0 in comm 0): Fatal error in PMPI_Init_thread: Other MPI error, error stack:
MPIR_Init_thread(136)........: 
MPID_Init(904)...............: 
MPIDI_OFI_mpi_init_hook(1421): 
MPIDU_bc_table_create(311)...: 
Error in system call pthread_mutex_destroy: Device or resource busy
    ../../src/mpi/init/init_thread_cs.c:60
Abort(2664079) on node 0 (rank 0 in comm 0): Fatal error in PMPI_Init_thread: Other MPI error, error stack:
MPIR_Init_thread(136)........: 
MPID_Init(904)...............: 
MPIDI_OFI_mpi_init_hook(1421): 
MPIDU_bc_table_create(311)...: 
Error in system call pthread_mutex_destroy: Device or resource busy
    ../../src/mpi/init/init_thread_cs.c:60
Abort(2664079) on node 0 (rank 0 in comm 0): Fatal error in PMPI_Init_thread: Other MPI error, error stack:
MPIR_Init_thread(136)........: 
MPID_Init(904)...............: 
MPIDI_OFI_mpi_init_hook(1421): 
MPIDU_bc_table_create(311)...: 
Error in system call pthread_mutex_destroy: Device or resource busy
    ../../src/mpi/init/init_thread_cs.c:60
Abort(2664079) on node 0 (rank 0 in comm 0): Fatal error in PMPI_Init_thread: Other MPI error, error stack:
MPIR_Init_thread(136)........: 
MPID_Init(904)...............: 
MPIDI_OFI_mpi_init_hook(1421): 
MPIDU_bc_table_create(311)...: 
Error in system call pthread_mutex_destroy: Device or resource busy
    ../../src/mpi/init/init_thread_cs.c:60
Abort(2664079) on node 0 (rank 0 in comm 0): Fatal error in PMPI_Init_thread: Other MPI error, error stack:
MPIR_Init_thread(136)........: 
MPID_Init(904)...............: 
MPIDI_OFI_mpi_init_hook(1421): 
MPIDU_bc_table_create(311)...: 
Error in system call pthread_mutex_destroy: Device or resource busy
    ../../src/mpi/init/init_thread_cs.c:60
Error in system call pthread_mutex_destroy: Device or resource busy
    ../../src/mpi/init/init_thread_cs.c:60
Abort(2664079) on node 0 (rank 0 in comm 0): Fatal error in PMPI_Init_thread: Other MPI error, error stack:
MPIR_Init_thread(136)........: 
MPID_Init(904)...............: 
MPIDI_OFI_mpi_init_hook(1421): 
MPIDU_bc_table_create(311)...: 
Abort(2664079) on node 0 (rank 0 in comm 0): Fatal error in PMPI_Init_thread: Other MPI error, error stack:
MPIR_Init_thread(136)........: 
MPID_Init(904)...............: 
MPIDI_OFI_mpi_init_hook(1421): 
MPIDU_bc_table_create(311)...: 
Error in system call pthread_mutex_destroy: Device or resource busy
    ../../src/mpi/init/init_thread_cs.c:60
Abort(2664079) on node 0 (rank 0 in comm 0): Fatal error in PMPI_Init_thread: Other MPI error, error stack:
MPIR_Init_thread(136)........: 
MPID_Init(904)...............: 
MPIDI_OFI_mpi_init_hook(1421): 
MPIDU_bc_table_create(311)...: 
Error in system call pthread_mutex_destroy: Device or resource busy
    ../../src/mpi/init/init_thread_cs.c:60
Error in system call pthread_mutex_destroy: Device or resource busy
    ../../src/mpi/init/init_thread_cs.c:60
Abort(2664079) on node 0 (rank 0 in comm 0): Fatal error in PMPI_Init_thread: Other MPI error, error stack:
MPIR_Init_thread(136)........: 
MPID_Init(904)...............: 
MPIDI_OFI_mpi_init_hook(1421): 
MPIDU_bc_table_create(311)...: 
Abort(2664079) on node 0 (rank 0 in comm 0): Fatal error in PMPI_Init_thread: Other MPI error, error stack:
MPIR_Init_thread(136)........: 
MPID_Init(904)...............: 
MPIDI_OFI_mpi_init_hook(1421): 
MPIDU_bc_table_create(311)...: 
Error in system call pthread_mutex_destroy: Device or resource busy
    ../../src/mpi/init/init_thread_cs.c:60
Error in system call pthread_mutex_destroy: Device or resource busy
    ../../src/mpi/init/init_thread_cs.c:60
Abort(2664079) on node 0 (rank 0 in comm 0): Fatal error in PMPI_Init_thread: Other MPI error, error stack:
MPIR_Init_thread(136)........: 
MPID_Init(904)...............: 
MPIDI_OFI_mpi_init_hook(1421): 
MPIDU_bc_table_create(311)...: 
Abort(2664079) on node 0 (rank 0 in comm 0): Fatal error in PMPI_Init_thread: Other MPI error, error stack:
MPIR_Init_thread(136)........: 
MPID_Init(904)...............: 
MPIDI_OFI_mpi_init_hook(1421): 
MPIDU_bc_table_create(311)...: 
Error in system call pthread_mutex_destroy: Device or resource busy
    ../../src/mpi/init/init_thread_cs.c:60
Abort(2664079) on node 0 (rank 0 in comm 0): Fatal error in PMPI_Init_thread: Other MPI error, error stack:
MPIR_Init_thread(136)........: 
MPID_Init(904)...............: 
MPIDI_OFI_mpi_init_hook(1421): 
MPIDU_bc_table_create(311)...: 
Error in system call pthread_mutex_destroy: Device or resource busy
    ../../src/mpi/init/init_thread_cs.c:60
Abort(2664079) on node 0 (rank 0 in comm 0): Fatal error in PMPI_Init_thread: Other MPI error, error stack:
MPIR_Init_thread(136)........: 
MPID_Init(904)...............: 
MPIDI_OFI_mpi_init_hook(1421): 
MPIDU_bc_table_create(311)...: 
Error in system call pthread_mutex_destroy: Device or resource busy
    ../../src/mpi/init/init_thread_cs.c:60
Abort(2664079) on node 0 (rank 0 in comm 0): Fatal error in PMPI_Init_thread: Other MPI error, error stack:
MPIR_Init_thread(136)........: 
MPID_Init(904)...............: 
MPIDI_OFI_mpi_init_hook(1421): 
MPIDU_bc_table_create(311)...: 
Error in system call pthread_mutex_destroy: Device or resource busy
    ../../src/mpi/init/init_thread_cs.c:60
Abort(2664079) on node 0 (rank 0 in comm 0): Fatal error in PMPI_Init_thread: Other MPI error, error stack:
MPIR_Init_thread(136)........: 
MPID_Init(904)...............: 
MPIDI_OFI_mpi_init_hook(1421): 
MPIDU_bc_table_create(311)...: 
Error in system call pthread_mutex_destroy: Device or resource busy
    ../../src/mpi/init/init_thread_cs.c:60
Abort(2664079) on node 0 (rank 0 in comm 0): Fatal error in PMPI_Init_thread: Other MPI error, error stack:
MPIR_Init_thread(136)........: 
MPID_Init(904)...............: 
MPIDI_OFI_mpi_init_hook(1421): 
MPIDU_bc_table_create(311)...: 
Error in system call pthread_mutex_destroy: Device or resource busy
    ../../src/mpi/init/init_thread_cs.c:60
Abort(2664079) on node 0 (rank 0 in comm 0): Fatal error in PMPI_Init_thread: Other MPI error, error stack:
MPIR_Init_thread(136)........: 
MPID_Init(904)...............: 
MPIDI_OFI_mpi_init_hook(1421): 
MPIDU_bc_table_create(311)...: 
Error in system call pthread_mutex_destroy: Device or resource busy
    ../../src/mpi/init/init_thread_cs.c:60
Error in system call pthread_mutex_destroy: Device or resource busy
    ../../src/mpi/init/init_thread_cs.c:60
Abort(2664079) on node 0 (rank 0 in comm 0): Fatal error in PMPI_Init_thread: Other MPI error, error stack:
MPIR_Init_thread(136)........: 
MPID_Init(904)...............: 
MPIDI_OFI_mpi_init_hook(1421): 
MPIDU_bc_table_create(311)...: 
Abort(2664079) on node 0 (rank 0 in comm 0): Fatal error in PMPI_Init_thread: Other MPI error, error stack:
MPIR_Init_thread(136)........: 
MPID_Init(904)...............: 
MPIDI_OFI_mpi_init_hook(1421): 
MPIDU_bc_table_create(311)...: 
Error in system call pthread_mutex_destroy: Device or resource busy
    ../../src/mpi/init/init_thread_cs.c:60
Abort(2664079) on node 0 (rank 0 in comm 0): Fatal error in PMPI_Init_thread: Other MPI error, error stack:
MPIR_Init_thread(136)........: 
MPID_Init(904)...............: 
MPIDI_OFI_mpi_init_hook(1421): 
MPIDU_bc_table_create(311)...: 
Error in system call pthread_mutex_destroy: Device or resource busy
    ../../src/mpi/init/init_thread_cs.c:60
Abort(2664079) on node 0 (rank 0 in comm 0): Fatal error in PMPI_Init_thread: Other MPI error, error stack:
MPIR_Init_thread(136)........: 
MPID_Init(904)...............: 
MPIDI_OFI_mpi_init_hook(1421): 
MPIDU_bc_table_create(311)...: 
Error in system call pthread_mutex_destroy: Device or resource busy
    ../../src/mpi/init/init_thread_cs.c:60
Abort(2664079) on node 0 (rank 0 in comm 0): Fatal error in PMPI_Init_thread: Other MPI error, error stack:
MPIR_Init_thread(136)........: 
MPID_Init(904)...............: 
MPIDI_OFI_mpi_init_hook(1421): 
MPIDU_bc_table_create(311)...: 
Error in system call pthread_mutex_destroy: Device or resource busy
    ../../src/mpi/init/init_thread_cs.c:60
Abort(2664079) on node 0 (rank 0 in comm 0): Fatal error in PMPI_Init_thread: Other MPI error, error stack:
MPIR_Init_thread(136)........: 
MPID_Init(904)...............: 
MPIDI_OFI_mpi_init_hook(1421): 
MPIDU_bc_table_create(311)...: 
Error in system call pthread_mutex_destroy: Device or resource busy
    ../../src/mpi/init/init_thread_cs.c:60
Abort(2664079) on node 0 (rank 0 in comm 0): Fatal error in PMPI_Init_thread: Other MPI error, error stack:
MPIR_Init_thread(136)........: 
MPID_Init(904)...............: 
MPIDI_OFI_mpi_init_hook(1421): 
MPIDU_bc_table_create(311)...: 
Error in system call pthread_mutex_destroy: Device or resource busy
    ../../src/mpi/init/init_thread_cs.c:60
Abort(2664079) on node 0 (rank 0 in comm 0): Fatal error in PMPI_Init_thread: Other MPI error, error stack:
MPIR_Init_thread(136)........: 
MPID_Init(904)...............: 
MPIDI_OFI_mpi_init_hook(1421): 
MPIDU_bc_table_create(311)...: 
Error in system call pthread_mutex_destroy: Device or resource busy
    ../../src/mpi/init/init_thread_cs.c:60
Abort(2664079) on node 0 (rank 0 in comm 0): Fatal error in PMPI_Init_thread: Other MPI error, error stack:
MPIR_Init_thread(136)........: 
MPID_Init(904)...............: 
MPIDI_OFI_mpi_init_hook(1421): 
MPIDU_bc_table_create(311)...: 
Error in system call pthread_mutex_destroy: Device or resource busy
    ../../src/mpi/init/init_thread_cs.c:60
Abort(2664079) on node 0 (rank 0 in comm 0): Fatal error in PMPI_Init_thread: Other MPI error, error stack:
MPIR_Init_thread(136)........: 
MPID_Init(904)...............: 
MPIDI_OFI_mpi_init_hook(1421): 
MPIDU_bc_table_create(311)...: 
srun: error: compute-10-14: tasks 32-47: Exited with exit code 143
srun: error: compute-10-13: tasks 16-31: Exited with exit code 143
Sun Aug  2 23:02:01 PDT 2020
