Wed Jul 22 16:03:01 PDT 2020
[1595458983.631519] [compute-10-14:11386:0]         select.c:434  UCX  ERROR no active messages transport to <no debug data>: posix/memory - Destination is unreachable, sysv/memory - Destination is unreachable, self/memory - Destination is unreachable, sockcm/sockaddr - no am bcopy, rdmacm/sockaddr - no am bcopy, cma/memory - no am bcopy, knem/memory - no am bcopy
[1595458983.631536] [compute-10-14:11387:0]         select.c:434  UCX  ERROR no active messages transport to <no debug data>: posix/memory - Destination is unreachable, sysv/memory - Destination is unreachable, self/memory - Destination is unreachable, sockcm/sockaddr - no am bcopy, rdmacm/sockaddr - no am bcopy, cma/memory - no am bcopy, knem/memory - no am bcopy
[1595458983.631528] [compute-10-14:11388:0]         select.c:434  UCX  ERROR no active messages transport to <no debug data>: posix/memory - Destination is unreachable, sysv/memory - Destination is unreachable, self/memory - Destination is unreachable, sockcm/sockaddr - no am bcopy, rdmacm/sockaddr - no am bcopy, cma/memory - no am bcopy, knem/memory - no am bcopy
[1595458983.631535] [compute-10-14:11389:0]         select.c:434  UCX  ERROR no active messages transport to <no debug data>: posix/memory - Destination is unreachable, sysv/memory - Destination is unreachable, self/memory - Destination is unreachable, sockcm/sockaddr - no am bcopy, rdmacm/sockaddr - no am bcopy, cma/memory - no am bcopy, knem/memory - no am bcopy
[1595458983.631547] [compute-10-14:11390:0]         select.c:434  UCX  ERROR no active messages transport to <no debug data>: posix/memory - Destination is unreachable, sysv/memory - Destination is unreachable, self/memory - Destination is unreachable, sockcm/sockaddr - no am bcopy, rdmacm/sockaddr - no am bcopy, cma/memory - no am bcopy, knem/memory - no am bcopy
Error in system call pthread_mutex_destroy: Device or resource busy
    ../../src/mpi/init/init_thread_cs.c:60
Abort(1091215) on node 11 (rank 11 in comm 0): Fatal error in PMPI_Init_thread: Other MPI error, error stack:
MPIR_Init_thread(136)........: 
MPID_Init(904)...............: 
MPIDI_OFI_mpi_init_hook(1471): OFI get address vector map failed
Error in system call pthread_mutex_destroy: Device or resource busy
    ../../src/mpi/init/init_thread_cs.c:60
Abort(1091215) on node 12 (rank 12 in comm 0): Fatal error in PMPI_Init_thread: Other MPI error, error stack:
MPIR_Init_thread(136)........: 
MPID_Init(904)...............: 
MPIDI_OFI_mpi_init_hook(1471): OFI get address vector map failed
Error in system call pthread_mutex_destroy: Device or resource busy
    ../../src/mpi/init/init_thread_cs.c:60
Abort(1091215) on node 13 (rank 13 in comm 0): Fatal error in PMPI_Init_thread: Other MPI error, error stack:
MPIR_Init_thread(136)........: 
MPID_Init(904)...............: 
MPIDI_OFI_mpi_init_hook(1471): OFI get address vector map failed
Error in system call pthread_mutex_destroy: Device or resource busy
    ../../src/mpi/init/init_thread_cs.c:60
Abort(1091215) on node 14 (rank 14 in comm 0): Fatal error in PMPI_Init_thread: Other MPI error, error stack:
MPIR_Init_thread(136)........: 
MPID_Init(904)...............: 
MPIDI_OFI_mpi_init_hook(1471): OFI get address vector map failed
Error in system call pthread_mutex_destroy: Device or resource busy
    ../../src/mpi/init/init_thread_cs.c:60
Abort(1091215) on node 15 (rank 15 in comm 0): Fatal error in PMPI_Init_thread: Other MPI error, error stack:
MPIR_Init_thread(136)........: 
MPID_Init(904)...............: 
MPIDI_OFI_mpi_init_hook(1471): OFI get address vector map failed
Wed Jul 22 16:03:03 PDT 2020
