Sun Aug  2 22:54:46 PDT 2020
[1596434088.233716] [compute-10-12:19577:0]         select.c:434  UCX  ERROR no active messages transport to <no debug data>: posix/memory - Destination is unreachable, sysv/memory - Destination is unreachable, self/memory - Destination is unreachable, sockcm/sockaddr - no am bcopy, rdmacm/sockaddr - no am bcopy, cma/memory - no am bcopy, knem/memory - no am bcopy
[1596434088.233708] [compute-10-12:19578:0]         select.c:434  UCX  ERROR no active messages transport to <no debug data>: posix/memory - Destination is unreachable, sysv/memory - Destination is unreachable, self/memory - Destination is unreachable, sockcm/sockaddr - no am bcopy, rdmacm/sockaddr - no am bcopy, cma/memory - no am bcopy, knem/memory - no am bcopy
[1596434088.233690] [compute-10-12:19579:0]         select.c:434  UCX  ERROR no active messages transport to <no debug data>: posix/memory - Destination is unreachable, sysv/memory - Destination is unreachable, self/memory - Destination is unreachable, sockcm/sockaddr - no am bcopy, rdmacm/sockaddr - no am bcopy, cma/memory - no am bcopy, knem/memory - no am bcopy
[1596434088.233785] [compute-10-12:19575:0]         select.c:434  UCX  ERROR no active messages transport to <no debug data>: posix/memory - Destination is unreachable, sysv/memory - Destination is unreachable, self/memory - Destination is unreachable, sockcm/sockaddr - no am bcopy, rdmacm/sockaddr - no am bcopy, cma/memory - no am bcopy, knem/memory - no am bcopy
[1596434088.233756] [compute-10-12:19576:0]         select.c:434  UCX  ERROR no active messages transport to <no debug data>: posix/memory - Destination is unreachable, sysv/memory - Destination is unreachable, self/memory - Destination is unreachable, sockcm/sockaddr - no am bcopy, rdmacm/sockaddr - no am bcopy, cma/memory - no am bcopy, knem/memory - no am bcopy
Error in system call pthread_mutex_destroy: Device or resource busy
    ../../src/mpi/init/init_thread_cs.c:60
Abort(1091215) on node 9 (rank 9 in comm 0): Fatal error in PMPI_Init_thread: Other MPI error, error stack:
MPIR_Init_thread(136)........: 
MPID_Init(904)...............: 
MPIDI_OFI_mpi_init_hook(1471): OFI get address vector map failed
Error in system call pthread_mutex_destroy: Device or resource busy
    ../../src/mpi/init/init_thread_cs.c:60
Abort(1091215) on node 12 (rank 12 in comm 0): Fatal error in PMPI_Init_thread: Other MPI error, error stack:
MPIR_Init_thread(136)........: 
MPID_Init(904)...............: 
MPIDI_OFI_mpi_init_hook(1471): OFI get address vector map failed
Error in system call pthread_mutex_destroy: Device or resource busy
    ../../src/mpi/init/init_thread_cs.c:60
Abort(1091215) on node 15 (rank 15 in comm 0): Fatal error in PMPI_Init_thread: Other MPI error, error stack:
MPIR_Init_thread(136)........: 
MPID_Init(904)...............: 
MPIDI_OFI_mpi_init_hook(1471): OFI get address vector map failed
Error in system call pthread_mutex_destroy: Device or resource busy
    ../../src/mpi/init/init_thread_cs.c:60
Abort(1091215) on node 3 (rank 3 in comm 0): Fatal error in PMPI_Init_thread: Other MPI error, error stack:
MPIR_Init_thread(136)........: 
MPID_Init(904)...............: 
MPIDI_OFI_mpi_init_hook(1471): OFI get address vector map failed
Error in system call pthread_mutex_destroy: Device or resource busy
    ../../src/mpi/init/init_thread_cs.c:60
Abort(1091215) on node 6 (rank 6 in comm 0): Fatal error in PMPI_Init_thread: Other MPI error, error stack:
MPIR_Init_thread(136)........: 
MPID_Init(904)...............: 
MPIDI_OFI_mpi_init_hook(1471): OFI get address vector map failed
Sun Aug  2 22:54:48 PDT 2020
