Mon Aug  3 09:06:34 PDT 2020
[1596470796.924152] [compute-10-14:21066:0]         select.c:434  UCX  ERROR no active messages transport to <no debug data>: posix/memory - Destination is unreachable, sysv/memory - Destination is unreachable, self/memory - Destination is unreachable, sockcm/sockaddr - no am bcopy, rdmacm/sockaddr - no am bcopy, cma/memory - no am bcopy, knem/memory - no am bcopy
[1596470796.924195] [compute-10-14:21065:0]         select.c:434  UCX  ERROR no active messages transport to <no debug data>: posix/memory - Destination is unreachable, sysv/memory - Destination is unreachable, self/memory - Destination is unreachable, sockcm/sockaddr - no am bcopy, rdmacm/sockaddr - no am bcopy, cma/memory - no am bcopy, knem/memory - no am bcopy
Error in system call pthread_mutex_destroy: Device or resource busy
    ../../src/mpi/init/init_thread_cs.c:60
Abort(1091215) on node 38 (rank 38 in comm 0): Fatal error in PMPI_Init_thread: Other MPI error, error stack:
MPIR_Init_thread(136)........: 
MPID_Init(904)...............: 
MPIDI_OFI_mpi_init_hook(1471): OFI get address vector map failed
[1596470796.924178] [compute-10-14:21067:0]         select.c:434  UCX  ERROR no active messages transport to <no debug data>: posix/memory - Destination is unreachable, sysv/memory - Destination is unreachable, self/memory - Destination is unreachable, sockcm/sockaddr - no am bcopy, rdmacm/sockaddr - no am bcopy, cma/memory - no am bcopy, knem/memory - no am bcopy
[1596470796.924229] [compute-10-14:21064:0]         select.c:434  UCX  ERROR no active messages transport to <no debug data>: posix/memory - Destination is unreachable, sysv/memory - Destination is unreachable, self/memory - Destination is unreachable, sockcm/sockaddr - no am bcopy, rdmacm/sockaddr - no am bcopy, cma/memory - no am bcopy, knem/memory - no am bcopy
Error in system call pthread_mutex_destroy: Device or resource busy
    ../../src/mpi/init/init_thread_cs.c:60
Abort(1091215) on node 39 (rank 39 in comm 0): Fatal error in PMPI_Init_thread: Other MPI error, error stack:
MPIR_Init_thread(136)........: 
MPID_Init(904)...............: 
MPIDI_OFI_mpi_init_hook(1471): OFI get address vector map failed
[1596470796.924490] [compute-10-13:21350:0]         select.c:434  UCX  ERROR no active messages transport to <no debug data>: posix/memory - Destination is unreachable, sysv/memory - Destination is unreachable, self/memory - Destination is unreachable, sockcm/sockaddr - no am bcopy, rdmacm/sockaddr - no am bcopy, cma/memory - no am bcopy, knem/memory - no am bcopy
[1596470796.924264] [compute-10-14:21060:0]         select.c:434  UCX  ERROR no active messages transport to <no debug data>: posix/memory - Destination is unreachable, sysv/memory - Destination is unreachable, self/memory - Destination is unreachable, sockcm/sockaddr - no am bcopy, rdmacm/sockaddr - no am bcopy, cma/memory - no am bcopy, knem/memory - no am bcopy
[1596470796.924277] [compute-10-14:21061:0]         select.c:434  UCX  ERROR no active messages transport to <no debug data>: posix/memory - Destination is unreachable, sysv/memory - Destination is unreachable, self/memory - Destination is unreachable, sockcm/sockaddr - no am bcopy, rdmacm/sockaddr - no am bcopy, cma/memory - no am bcopy, knem/memory - no am bcopy
[1596470796.924245] [compute-10-14:21062:0]         select.c:434  UCX  ERROR no active messages transport to <no debug data>: posix/memory - Destination is unreachable, sysv/memory - Destination is unreachable, self/memory - Destination is unreachable, sockcm/sockaddr - no am bcopy, rdmacm/sockaddr - no am bcopy, cma/memory - no am bcopy, knem/memory - no am bcopy
Error in system call pthread_mutex_destroy: Device or resource busy
    ../../src/mpi/init/init_thread_cs.c:60
[1596470796.924268] [compute-10-14:21063:0]         select.c:434  UCX  ERROR no active messages transport to <no debug data>: posix/memory - Destination is unreachable, sysv/memory - Destination is unreachable, self/memory - Destination is unreachable, sockcm/sockaddr - no am bcopy, rdmacm/sockaddr - no am bcopy, cma/memory - no am bcopy, knem/memory - no am bcopy
[1596470796.924489] [compute-10-13:21355:0]         select.c:434  UCX  ERROR no active messages transport to <no debug data>: posix/memory - Destination is unreachable, sysv/memory - Destination is unreachable, self/memory - Destination is unreachable, sockcm/sockaddr - no am bcopy, rdmacm/sockaddr - no am bcopy, cma/memory - no am bcopy, knem/memory - no am bcopy
[1596470796.924518] [compute-10-13:21341:0]         select.c:434  UCX  ERROR no active messages transport to <no debug data>: posix/memory - Destination is unreachable, sysv/memory - Destination is unreachable, self/memory - Destination is unreachable, sockcm/sockaddr - no am bcopy, rdmacm/sockaddr - no am bcopy, cma/memory - no am bcopy, knem/memory - no am bcopy
Error in system call pthread_mutex_destroy: Device or resource busy
    ../../src/mpi/init/init_thread_cs.c:60
Abort(1091215) on node 36 (rank 36 in comm 0): Fatal error in PMPI_Init_thread: Other MPI error, error stack:
MPIR_Init_thread(136)........: 
MPID_Init(904)...............: 
MPIDI_OFI_mpi_init_hook(1471): OFI get address vector map failed
Error in system call pthread_mutex_destroy: Device or resource busy
    ../../src/mpi/init/init_thread_cs.c:60
Abort(1091215) on node 17 (rank 17 in comm 0): Fatal error in PMPI_Init_thread: Other MPI error, error stack:
MPIR_Init_thread(136)........: 
MPID_Init(904)...............: 
MPIDI_OFI_mpi_init_hook(1471): OFI get address vector map failed
[1596470796.924555] [compute-10-13:21342:0]         select.c:434  UCX  ERROR no active messages transport to <no debug data>: posix/memory - Destination is unreachable, sysv/memory - Destination is unreachable, self/memory - Destination is unreachable, sockcm/sockaddr - no am bcopy, rdmacm/sockaddr - no am bcopy, cma/memory - no am bcopy, knem/memory - no am bcopy
Error in system call pthread_mutex_destroy: Device or resource busy
    ../../src/mpi/init/init_thread_cs.c:60
Abort(1091215) on node 37 (rank 37 in comm 0): Fatal error in PMPI_Init_thread: Other MPI error, error stack:
MPIR_Init_thread(136)........: 
MPID_Init(904)...............: 
MPIDI_OFI_mpi_init_hook(1471): OFI get address vector map failed
[1596470796.924550] [compute-10-13:21344:0]         select.c:434  UCX  ERROR no active messages transport to <no debug data>: posix/memory - Destination is unreachable, sysv/memory - Destination is unreachable, self/memory - Destination is unreachable, sockcm/sockaddr - no am bcopy, rdmacm/sockaddr - no am bcopy, cma/memory - no am bcopy, knem/memory - no am bcopy
[1596470796.924583] [compute-10-13:21345:0]         select.c:434  UCX  ERROR no active messages transport to <no debug data>: posix/memory - Destination is unreachable, sysv/memory - Destination is unreachable, self/memory - Destination is unreachable, sockcm/sockaddr - no am bcopy, rdmacm/sockaddr - no am bcopy, cma/memory - no am bcopy, knem/memory - no am bcopy
[1596470796.924513] [compute-10-13:21346:0]         select.c:434  UCX  ERROR no active messages transport to <no debug data>: posix/memory - Destination is unreachable, sysv/memory - Destination is unreachable, self/memory - Destination is unreachable, sockcm/sockaddr - no am bcopy, rdmacm/sockaddr - no am bcopy, cma/memory - no am bcopy, knem/memory - no am bcopy
[1596470796.924266] [compute-10-14:21068:0]         select.c:434  UCX  ERROR no active messages transport to <no debug data>: posix/memory - Destination is unreachable, sysv/memory - Destination is unreachable, self/memory - Destination is unreachable, sockcm/sockaddr - no am bcopy, rdmacm/sockaddr - no am bcopy, cma/memory - no am bcopy, knem/memory - no am bcopy
Error in system call pthread_mutex_destroy: Device or resource busy
    ../../src/mpi/init/init_thread_cs.c:60
Abort(1091215) on node 22 (rank 22 in comm 0): Fatal error in PMPI_Init_thread: Other MPI error, error stack:
MPIR_Init_thread(136)........: 
MPID_Init(904)...............: 
MPIDI_OFI_mpi_init_hook(1471): OFI get address vector map failed
Error in system call pthread_mutex_destroy: Device or resource busy
    ../../src/mpi/init/init_thread_cs.c:60
Abort(1091215) on node 40 (rank 40 in comm 0): Fatal error in PMPI_Init_thread: Other MPI error, error stack:
MPIR_Init_thread(136)........: 
MPID_Init(904)...............: 
MPIDI_OFI_mpi_init_hook(1471): OFI get address vector map failed
[1596470796.924538] [compute-10-13:21348:0]         select.c:434  UCX  ERROR no active messages transport to <no debug data>: posix/memory - Destination is unreachable, sysv/memory - Destination is unreachable, self/memory - Destination is unreachable, sockcm/sockaddr - no am bcopy, rdmacm/sockaddr - no am bcopy, cma/memory - no am bcopy, knem/memory - no am bcopy
[1596470796.924538] [compute-10-13:21349:0]         select.c:434  UCX  ERROR no active messages transport to <no debug data>: posix/memory - Destination is unreachable, sysv/memory - Destination is unreachable, self/memory - Destination is unreachable, sockcm/sockaddr - no am bcopy, rdmacm/sockaddr - no am bcopy, cma/memory - no am bcopy, knem/memory - no am bcopy
[1596470796.924259] [compute-10-14:21069:0]         select.c:434  UCX  ERROR no active messages transport to <no debug data>: posix/memory - Destination is unreachable, sysv/memory - Destination is unreachable, self/memory - Destination is unreachable, sockcm/sockaddr - no am bcopy, rdmacm/sockaddr - no am bcopy, cma/memory - no am bcopy, knem/memory - no am bcopy
Error in system call pthread_mutex_destroy: Device or resource busy
    ../../src/mpi/init/init_thread_cs.c:60
Abort(1091215) on node 41 (rank 41 in comm 0): Fatal error in PMPI_Init_thread: Other MPI error, error stack:
MPIR_Init_thread(136)........: 
MPID_Init(904)...............: 
MPIDI_OFI_mpi_init_hook(1471): OFI get address vector map failed
Error in system call pthread_mutex_destroy: Device or resource busy
    ../../src/mpi/init/init_thread_cs.c:60
Abort(1091215) on node 26 (rank 26 in comm 0): Fatal error in PMPI_Init_thread: Other MPI error, error stack:
MPIR_Init_thread(136)........: 
MPID_Init(904)...............: 
MPIDI_OFI_mpi_init_hook(1471): OFI get address vector map failed
[1596470796.924282] [compute-10-14:21070:0]         select.c:434  UCX  ERROR no active messages transport to <no debug data>: posix/memory - Destination is unreachable, sysv/memory - Destination is unreachable, self/memory - Destination is unreachable, sockcm/sockaddr - no am bcopy, rdmacm/sockaddr - no am bcopy, cma/memory - no am bcopy, knem/memory - no am bcopy
Error in system call pthread_mutex_destroy: Device or resource busy
    ../../src/mpi/init/init_thread_cs.c:60
Abort(1091215) on node 42 (rank 42 in comm 0): Fatal error in PMPI_Init_thread: Other MPI error, error stack:
MPIR_Init_thread(136)........: 
MPID_Init(904)...............: 
MPIDI_OFI_mpi_init_hook(1471): OFI get address vector map failed
[1596470796.924262] [compute-10-14:21071:0]         select.c:434  UCX  ERROR no active messages transport to <no debug data>: posix/memory - Destination is unreachable, sysv/memory - Destination is unreachable, self/memory - Destination is unreachable, sockcm/sockaddr - no am bcopy, rdmacm/sockaddr - no am bcopy, cma/memory - no am bcopy, knem/memory - no am bcopy
Error in system call pthread_mutex_destroy: Device or resource busy
    ../../src/mpi/init/init_thread_cs.c:60
Abort(1091215) on node 43 (rank 43 in comm 0): Fatal error in PMPI_Init_thread: Other MPI error, error stack:
MPIR_Init_thread(136)........: 
MPID_Init(904)...............: 
MPIDI_OFI_mpi_init_hook(1471): OFI get address vector map failed
[1596470796.924508] [compute-10-13:21351:0]         select.c:434  UCX  ERROR no active messages transport to <no debug data>: posix/memory - Destination is unreachable, sysv/memory - Destination is unreachable, self/memory - Destination is unreachable, sockcm/sockaddr - no am bcopy, rdmacm/sockaddr - no am bcopy, cma/memory - no am bcopy, knem/memory - no am bcopy
Error in system call pthread_mutex_destroy: Device or resource busy
    ../../src/mpi/init/init_thread_cs.c:60
Abort(1091215) on node 27 (rank 27 in comm 0): Fatal error in PMPI_Init_thread: Other MPI error, error stack:
MPIR_Init_thread(136)........: 
MPID_Init(904)...............: 
MPIDI_OFI_mpi_init_hook(1471): OFI get address vector map failed
[1596470796.924265] [compute-10-14:21072:0]         select.c:434  UCX  ERROR no active messages transport to <no debug data>: posix/memory - Destination is unreachable, sysv/memory - Destination is unreachable, self/memory - Destination is unreachable, sockcm/sockaddr - no am bcopy, rdmacm/sockaddr - no am bcopy, cma/memory - no am bcopy, knem/memory - no am bcopy
[1596470796.924548] [compute-10-13:21352:0]         select.c:434  UCX  ERROR no active messages transport to <no debug data>: posix/memory - Destination is unreachable, sysv/memory - Destination is unreachable, self/memory - Destination is unreachable, sockcm/sockaddr - no am bcopy, rdmacm/sockaddr - no am bcopy, cma/memory - no am bcopy, knem/memory - no am bcopy
Error in system call pthread_mutex_destroy: Device or resource busy
    ../../src/mpi/init/init_thread_cs.c:60
Abort(1091215) on node 44 (rank 44 in comm 0): Fatal error in PMPI_Init_thread: Other MPI error, error stack:
MPIR_Init_thread(136)........: 
MPID_Init(904)...............: 
MPIDI_OFI_mpi_init_hook(1471): OFI get address vector map failed
[1596470796.924523] [compute-10-13:21354:0]         select.c:434  UCX  ERROR no active messages transport to <no debug data>: posix/memory - Destination is unreachable, sysv/memory - Destination is unreachable, self/memory - Destination is unreachable, sockcm/sockaddr - no am bcopy, rdmacm/sockaddr - no am bcopy, cma/memory - no am bcopy, knem/memory - no am bcopy
Error in system call pthread_mutex_destroy: Device or resource busy
    ../../src/mpi/init/init_thread_cs.c:60
Abort(1091215) on node 30 (rank 30 in comm 0): Fatal error in PMPI_Init_thread: Other MPI error, error stack:
MPIR_Init_thread(136)........: 
MPID_Init(904)...............: 
MPIDI_OFI_mpi_init_hook(1471): OFI get address vector map failed
[1596470796.924286] [compute-10-14:21073:0]         select.c:434  UCX  ERROR no active messages transport to <no debug data>: posix/memory - Destination is unreachable, sysv/memory - Destination is unreachable, self/memory - Destination is unreachable, sockcm/sockaddr - no am bcopy, rdmacm/sockaddr - no am bcopy, cma/memory - no am bcopy, knem/memory - no am bcopy
Error in system call pthread_mutex_destroy: Device or resource busy
    ../../src/mpi/init/init_thread_cs.c:60
Abort(1091215) on node 45 (rank 45 in comm 0): Fatal error in PMPI_Init_thread: Other MPI error, error stack:
MPIR_Init_thread(136)........: 
MPID_Init(904)...............: 
MPIDI_OFI_mpi_init_hook(1471): OFI get address vector map failed
Error in system call pthread_mutex_destroy: Device or resource busy
    ../../src/mpi/init/init_thread_cs.c:60
Abort(1091215) on node 31 (rank 31 in comm 0): Fatal error in PMPI_Init_thread: Other MPI error, error stack:
MPIR_Init_thread(136)........: 
MPID_Init(904)...............: 
MPIDI_OFI_mpi_init_hook(1471): OFI get address vector map failed
[1596470796.924603] [compute-10-13:21340:0]         select.c:434  UCX  ERROR no active messages transport to <no debug data>: posix/memory - Destination is unreachable, sysv/memory - Destination is unreachable, self/memory - Destination is unreachable, sockcm/sockaddr - no am bcopy, rdmacm/sockaddr - no am bcopy, cma/memory - no am bcopy, knem/memory - no am bcopy
[1596470796.924250] [compute-10-14:21074:0]         select.c:434  UCX  ERROR no active messages transport to <no debug data>: posix/memory - Destination is unreachable, sysv/memory - Destination is unreachable, self/memory - Destination is unreachable, sockcm/sockaddr - no am bcopy, rdmacm/sockaddr - no am bcopy, cma/memory - no am bcopy, knem/memory - no am bcopy
Error in system call pthread_mutex_destroy: Device or resource busy
    ../../src/mpi/init/init_thread_cs.c:60
Error in system call pthread_mutex_destroy: Device or resource busy
    ../../src/mpi/init/init_thread_cs.c:60
Abort(1091215) on node 46 (rank 46 in comm 0): Fatal error in PMPI_Init_thread: Other MPI error, error stack:
MPIR_Init_thread(136)........: 
MPID_Init(904)...............: 
MPIDI_OFI_mpi_init_hook(1471): OFI get address vector map failed
[1596470796.924268] [compute-10-14:21075:0]         select.c:434  UCX  ERROR no active messages transport to <no debug data>: posix/memory - Destination is unreachable, sysv/memory - Destination is unreachable, self/memory - Destination is unreachable, sockcm/sockaddr - no am bcopy, rdmacm/sockaddr - no am bcopy, cma/memory - no am bcopy, knem/memory - no am bcopy
Error in system call pthread_mutex_destroy: Device or resource busy
    ../../src/mpi/init/init_thread_cs.c:60
Abort(1091215) on node 18 (rank 18 in comm 0): Fatal error in PMPI_Init_thread: Other MPI error, error stack:
MPIR_Init_thread(136)........: 
MPID_Init(904)...............: 
MPIDI_OFI_mpi_init_hook(1471): OFI get address vector map failed
[1596470796.924607] [compute-10-13:21343:0]         select.c:434  UCX  ERROR no active messages transport to <no debug data>: posix/memory - Destination is unreachable, sysv/memory - Destination is unreachable, self/memory - Destination is unreachable, sockcm/sockaddr - no am bcopy, rdmacm/sockaddr - no am bcopy, cma/memory - no am bcopy, knem/memory - no am bcopy
Error in system call pthread_mutex_destroy: Device or resource busy
    ../../src/mpi/init/init_thread_cs.c:60
Abort(1091215) on node 19 (rank 19 in comm 0): Fatal error in PMPI_Init_thread: Other MPI error, error stack:
MPIR_Init_thread(136)........: 
MPID_Init(904)...............: 
MPIDI_OFI_mpi_init_hook(1471): OFI get address vector map failed
Error in system call pthread_mutex_destroy: Device or resource busy
    ../../src/mpi/init/init_thread_cs.c:60
Abort(1091215) on node 20 (rank 20 in comm 0): Fatal error in PMPI_Init_thread: Other MPI error, error stack:
MPIR_Init_thread(136)........: 
MPID_Init(904)...............: 
MPIDI_OFI_mpi_init_hook(1471): OFI get address vector map failed
Error in system call pthread_mutex_destroy: Device or resource busy
    ../../src/mpi/init/init_thread_cs.c:60
Abort(1091215) on node 21 (rank 21 in comm 0): Fatal error in PMPI_Init_thread: Other MPI error, error stack:
MPIR_Init_thread(136)........: 
MPID_Init(904)...............: 
MPIDI_OFI_mpi_init_hook(1471): OFI get address vector map failed
[1596470796.924601] [compute-10-13:21347:0]         select.c:434  UCX  ERROR no active messages transport to <no debug data>: posix/memory - Destination is unreachable, sysv/memory - Destination is unreachable, self/memory - Destination is unreachable, sockcm/sockaddr - no am bcopy, rdmacm/sockaddr - no am bcopy, cma/memory - no am bcopy, knem/memory - no am bcopy
Error in system call pthread_mutex_destroy: Device or resource busy
    ../../src/mpi/init/init_thread_cs.c:60
Abort(1091215) on node 23 (rank 23 in comm 0): Fatal error in PMPI_Init_thread: Other MPI error, error stack:
MPIR_Init_thread(136)........: 
MPID_Init(904)...............: 
MPIDI_OFI_mpi_init_hook(1471): OFI get address vector map failed
Error in system call pthread_mutex_destroy: Device or resource busy
    ../../src/mpi/init/init_thread_cs.c:60
Abort(1091215) on node 24 (rank 24 in comm 0): Fatal error in PMPI_Init_thread: Other MPI error, error stack:
MPIR_Init_thread(136)........: 
MPID_Init(904)...............: 
MPIDI_OFI_mpi_init_hook(1471): OFI get address vector map failed
Error in system call pthread_mutex_destroy: Device or resource busy
    ../../src/mpi/init/init_thread_cs.c:60
Abort(1091215) on node 25 (rank 25 in comm 0): Fatal error in PMPI_Init_thread: Other MPI error, error stack:
MPIR_Init_thread(136)........: 
MPID_Init(904)...............: 
MPIDI_OFI_mpi_init_hook(1471): OFI get address vector map failed
Error in system call pthread_mutex_destroy: Device or resource busy
    ../../src/mpi/init/init_thread_cs.c:60
Abort(1091215) on node 28 (rank 28 in comm 0): Fatal error in PMPI_Init_thread: Other MPI error, error stack:
MPIR_Init_thread(136)........: 
MPID_Init(904)...............: 
MPIDI_OFI_mpi_init_hook(1471): OFI get address vector map failed
[1596470796.924612] [compute-10-13:21353:0]         select.c:434  UCX  ERROR no active messages transport to <no debug data>: posix/memory - Destination is unreachable, sysv/memory - Destination is unreachable, self/memory - Destination is unreachable, sockcm/sockaddr - no am bcopy, rdmacm/sockaddr - no am bcopy, cma/memory - no am bcopy, knem/memory - no am bcopy
Error in system call pthread_mutex_destroy: Device or resource busy
    ../../src/mpi/init/init_thread_cs.c:60
Abort(1091215) on node 29 (rank 29 in comm 0): Fatal error in PMPI_Init_thread: Other MPI error, error stack:
MPIR_Init_thread(136)........: 
MPID_Init(904)...............: 
MPIDI_OFI_mpi_init_hook(1471): OFI get address vector map failed
Mon Aug  3 09:06:37 PDT 2020
