Mon Jul 27 18:08:00 PDT 2020
[1595898482.445871] [compute-10-12:27337:0]         select.c:434  UCX  ERROR no active messages transport to <no debug data>: posix/memory - Destination is unreachable, sysv/memory - Destination is unreachable, self/memory - Destination is unreachable, sockcm/sockaddr - no am bcopy, rdmacm/sockaddr - no am bcopy, cma/memory - no am bcopy, knem/memory - no am bcopy
[1595898482.445747] [compute-10-13:25296:0]         select.c:434  UCX  ERROR no active messages transport to <no debug data>: posix/memory - Destination is unreachable, sysv/memory - Destination is unreachable, self/memory - Destination is unreachable, sockcm/sockaddr - no am bcopy, rdmacm/sockaddr - no am bcopy, cma/memory - no am bcopy, knem/memory - no am bcopy
[1595898482.445870] [compute-10-12:27338:0]         select.c:434  UCX  ERROR no active messages transport to <no debug data>: posix/memory - Destination is unreachable, sysv/memory - Destination is unreachable, self/memory - Destination is unreachable, sockcm/sockaddr - no am bcopy, rdmacm/sockaddr - no am bcopy, cma/memory - no am bcopy, knem/memory - no am bcopy
[1595898482.445885] [compute-10-12:27335:0]         select.c:434  UCX  ERROR no active messages transport to <no debug data>: posix/memory - Destination is unreachable, sysv/memory - Destination is unreachable, self/memory - Destination is unreachable, sockcm/sockaddr - no am bcopy, rdmacm/sockaddr - no am bcopy, cma/memory - no am bcopy, knem/memory - no am bcopy
[1595898482.445900] [compute-10-12:27336:0]         select.c:434  UCX  ERROR no active messages transport to <no debug data>: posix/memory - Destination is unreachable, sysv/memory - Destination is unreachable, self/memory - Destination is unreachable, sockcm/sockaddr - no am bcopy, rdmacm/sockaddr - no am bcopy, cma/memory - no am bcopy, knem/memory - no am bcopy
[1595898482.445877] [compute-10-12:27339:0]         select.c:434  UCX  ERROR no active messages transport to <no debug data>: posix/memory - Destination is unreachable, sysv/memory - Destination is unreachable, self/memory - Destination is unreachable, sockcm/sockaddr - no am bcopy, rdmacm/sockaddr - no am bcopy, cma/memory - no am bcopy, knem/memory - no am bcopy
[1595898482.445726] [compute-10-13:25298:0]         select.c:434  UCX  ERROR no active messages transport to <no debug data>: posix/memory - Destination is unreachable, sysv/memory - Destination is unreachable, self/memory - Destination is unreachable, sockcm/sockaddr - no am bcopy, rdmacm/sockaddr - no am bcopy, cma/memory - no am bcopy, knem/memory - no am bcopy
Error in system call pthread_mutex_destroy: Device or resource busy
    ../../src/mpi/init/init_thread_cs.c:60
Abort(1091215) on node 3 (rank 3 in comm 0): Fatal error in PMPI_Init_thread: Other MPI error, error stack:
MPIR_Init_thread(136)........: 
MPID_Init(904)...............: 
MPIDI_OFI_mpi_init_hook(1471): OFI get address vector map failed
[1595898482.445742] [compute-10-13:25299:0]         select.c:434  UCX  ERROR no active messages transport to <no debug data>: posix/memory - Destination is unreachable, sysv/memory - Destination is unreachable, self/memory - Destination is unreachable, sockcm/sockaddr - no am bcopy, rdmacm/sockaddr - no am bcopy, cma/memory - no am bcopy, knem/memory - no am bcopy
Error in system call pthread_mutex_destroy: Device or resource busy
    ../../src/mpi/init/init_thread_cs.c:60
Abort(1091215) on node 6 (rank 6 in comm 0): Fatal error in PMPI_Init_thread: Other MPI error, error stack:
MPIR_Init_thread(136)........: 
MPID_Init(904)...............: 
MPIDI_OFI_mpi_init_hook(1471): OFI get address vector map failed
[1595898482.445755] [compute-10-13:25300:0]         select.c:434  UCX  ERROR no active messages transport to <no debug data>: posix/memory - Destination is unreachable, sysv/memory - Destination is unreachable, self/memory - Destination is unreachable, sockcm/sockaddr - no am bcopy, rdmacm/sockaddr - no am bcopy, cma/memory - no am bcopy, knem/memory - no am bcopy
Error in system call pthread_mutex_destroy: Device or resource busy
    ../../src/mpi/init/init_thread_cs.c:60
Abort(1091215) on node 1 (rank 1 in comm 0): Fatal error in PMPI_Init_thread: Other MPI error, error stack:
MPIR_Init_thread(136)........: 
MPID_Init(904)...............: 
MPIDI_OFI_mpi_init_hook(1471): OFI get address vector map failed
Error in system call pthread_mutex_destroy: Device or resource busy
    ../../src/mpi/init/init_thread_cs.c:60
Abort(1091215) on node 9 (rank 9 in comm 0): Fatal error in PMPI_Init_thread: Other MPI error, error stack:
MPIR_Init_thread(136)........: 
MPID_Init(904)...............: 
MPIDI_OFI_mpi_init_hook(1471): OFI get address vector map failed
[1595898482.445764] [compute-10-13:25297:0]         select.c:434  UCX  ERROR no active messages transport to <no debug data>: posix/memory - Destination is unreachable, sysv/memory - Destination is unreachable, self/memory - Destination is unreachable, sockcm/sockaddr - no am bcopy, rdmacm/sockaddr - no am bcopy, cma/memory - no am bcopy, knem/memory - no am bcopy
Error in system call pthread_mutex_destroy: Device or resource busy
    ../../src/mpi/init/init_thread_cs.c:60
Abort(1091215) on node 4 (rank 4 in comm 0): Fatal error in PMPI_Init_thread: Other MPI error, error stack:
MPIR_Init_thread(136)........: 
MPID_Init(904)...............: 
MPIDI_OFI_mpi_init_hook(1471): OFI get address vector map failed
Error in system call pthread_mutex_destroy: Device or resource busy
    ../../src/mpi/init/init_thread_cs.c:60
Abort(1091215) on node 12 (rank 12 in comm 0): Fatal error in PMPI_Init_thread: Other MPI error, error stack:
MPIR_Init_thread(136)........: 
MPID_Init(904)...............: 
MPIDI_OFI_mpi_init_hook(1471): OFI get address vector map failed
Error in system call pthread_mutex_destroy: Device or resource busy
    ../../src/mpi/init/init_thread_cs.c:60
Abort(1091215) on node 7 (rank 7 in comm 0): Fatal error in PMPI_Init_thread: Other MPI error, error stack:
MPIR_Init_thread(136)........: 
MPID_Init(904)...............: 
MPIDI_OFI_mpi_init_hook(1471): OFI get address vector map failed
Error in system call pthread_mutex_destroy: Device or resource busy
    ../../src/mpi/init/init_thread_cs.c:60
Abort(1091215) on node 15 (rank 15 in comm 0): Fatal error in PMPI_Init_thread: Other MPI error, error stack:
MPIR_Init_thread(136)........: 
MPID_Init(904)...............: 
MPIDI_OFI_mpi_init_hook(1471): OFI get address vector map failed
Error in system call pthread_mutex_destroy: Device or resource busy
    ../../src/mpi/init/init_thread_cs.c:60
Abort(1091215) on node 10 (rank 10 in comm 0): Fatal error in PMPI_Init_thread: Other MPI error, error stack:
MPIR_Init_thread(136)........: 
MPID_Init(904)...............: 
MPIDI_OFI_mpi_init_hook(1471): OFI get address vector map failed
Error in system call pthread_mutex_destroy: Device or resource busy
    ../../src/mpi/init/init_thread_cs.c:60
Abort(1091215) on node 13 (rank 13 in comm 0): Fatal error in PMPI_Init_thread: Other MPI error, error stack:
MPIR_Init_thread(136)........: 
MPID_Init(904)...............: 
MPIDI_OFI_mpi_init_hook(1471): OFI get address vector map failed
Mon Jul 27 18:08:02 PDT 2020
